0 info it worked if it ends with ok
1 verbose cli [ 'C:\\Program Files\\nodejs\\node.exe',
1 verbose cli   'C:\\Program Files\\nodejs\\node_modules\\npm\\bin\\npm-cli.js',
1 verbose cli   'install',
1 verbose cli   'angular-google-maps',
1 verbose cli   '--save' ]
2 info using npm@3.10.10
3 info using node@v6.9.4
4 silly loadCurrentTree Starting
5 silly install loadCurrentTree
6 silly install readLocalPackageData
7 silly fetchPackageMetaData angular-google-maps
8 silly fetchNamedPackageData angular-google-maps
9 silly mapToRegistry name angular-google-maps
10 silly mapToRegistry using default registry
11 silly mapToRegistry registry https://registry.npmjs.org/
12 silly mapToRegistry data Result {
12 silly mapToRegistry   raw: 'angular-google-maps',
12 silly mapToRegistry   scope: null,
12 silly mapToRegistry   escapedName: 'angular-google-maps',
12 silly mapToRegistry   name: 'angular-google-maps',
12 silly mapToRegistry   rawSpec: '',
12 silly mapToRegistry   spec: 'latest',
12 silly mapToRegistry   type: 'tag' }
13 silly mapToRegistry uri https://registry.npmjs.org/angular-google-maps
14 verbose request uri https://registry.npmjs.org/angular-google-maps
15 verbose request no auth needed
16 info attempt registry request try #1 at 2:34:08 AM
17 verbose request id 97a5b0498b9f1c60
18 http request GET https://registry.npmjs.org/angular-google-maps
19 http 200 https://registry.npmjs.org/angular-google-maps
20 verbose headers { server: 'nginx/1.10.1',
20 verbose headers   'content-type': 'application/json',
20 verbose headers   'last-modified': 'Thu, 05 Jan 2017 14:56:53 GMT',
20 verbose headers   etag: 'W/"586e5eb5-ecac"',
20 verbose headers   'content-encoding': 'gzip',
20 verbose headers   'cache-control': 'max-age=300',
20 verbose headers   'content-length': '6810',
20 verbose headers   'accept-ranges': 'bytes',
20 verbose headers   date: 'Sun, 09 Apr 2017 06:34:07 GMT',
20 verbose headers   via: '1.1 varnish',
20 verbose headers   age: '0',
20 verbose headers   connection: 'keep-alive',
20 verbose headers   'x-served-by': 'cache-bos8233-BOS',
20 verbose headers   'x-cache': 'MISS',
20 verbose headers   'x-cache-hits': '0',
20 verbose headers   'x-timer': 'S1491719647.442982,VS0,VE14',
20 verbose headers   vary: 'Accept-Encoding' }
21 silly get cb [ 200,
21 silly get   { server: 'nginx/1.10.1',
21 silly get     'content-type': 'application/json',
21 silly get     'last-modified': 'Thu, 05 Jan 2017 14:56:53 GMT',
21 silly get     etag: 'W/"586e5eb5-ecac"',
21 silly get     'content-encoding': 'gzip',
21 silly get     'cache-control': 'max-age=300',
21 silly get     'content-length': '6810',
21 silly get     'accept-ranges': 'bytes',
21 silly get     date: 'Sun, 09 Apr 2017 06:34:07 GMT',
21 silly get     via: '1.1 varnish',
21 silly get     age: '0',
21 silly get     connection: 'keep-alive',
21 silly get     'x-served-by': 'cache-bos8233-BOS',
21 silly get     'x-cache': 'MISS',
21 silly get     'x-cache-hits': '0',
21 silly get     'x-timer': 'S1491719647.442982,VS0,VE14',
21 silly get     vary: 'Accept-Encoding' } ]
22 verbose get saving angular-google-maps to C:\Users\sanka\AppData\Roaming\npm-cache\registry.npmjs.org\angular-google-maps\.cache.json
23 verbose correctMkdir C:\Users\sanka\AppData\Roaming\npm-cache correctMkdir not in flight; initializing
24 silly install normalizeTree
25 silly loadCurrentTree Finishing
26 silly loadIdealTree Starting
27 silly install loadIdealTree
28 silly cloneCurrentTree Starting
29 silly install cloneCurrentTreeToIdealTree
30 silly cloneCurrentTree Finishing
31 silly loadShrinkwrap Starting
32 silly install loadShrinkwrap
33 silly loadShrinkwrap Finishing
34 silly loadAllDepsIntoIdealTree Starting
35 silly install loadAllDepsIntoIdealTree
36 silly resolveWithNewModule angular-google-maps@2.4.1 checking installable status
37 silly cache add args [ 'angular-google-maps', null ]
38 verbose cache add spec angular-google-maps
39 silly cache add parsed spec Result {
39 silly cache add   raw: 'angular-google-maps',
39 silly cache add   scope: null,
39 silly cache add   escapedName: 'angular-google-maps',
39 silly cache add   name: 'angular-google-maps',
39 silly cache add   rawSpec: '',
39 silly cache add   spec: 'latest',
39 silly cache add   type: 'tag' }
40 silly addNamed angular-google-maps@latest
41 verbose addNamed "latest" is being treated as a dist-tag for angular-google-maps
42 info addNameTag [ 'angular-google-maps', 'latest' ]
43 silly mapToRegistry name angular-google-maps
44 silly mapToRegistry using default registry
45 silly mapToRegistry registry https://registry.npmjs.org/
46 silly mapToRegistry data Result {
46 silly mapToRegistry   raw: 'angular-google-maps',
46 silly mapToRegistry   scope: null,
46 silly mapToRegistry   escapedName: 'angular-google-maps',
46 silly mapToRegistry   name: 'angular-google-maps',
46 silly mapToRegistry   rawSpec: '',
46 silly mapToRegistry   spec: 'latest',
46 silly mapToRegistry   type: 'tag' }
47 silly mapToRegistry uri https://registry.npmjs.org/angular-google-maps
48 verbose addNameTag registry:https://registry.npmjs.org/angular-google-maps not in flight; fetching
49 verbose get https://registry.npmjs.org/angular-google-maps not expired, no request
50 silly addNameTag next cb for angular-google-maps with tag latest
51 silly addNamed angular-google-maps@2.4.1
52 verbose addNamed "2.4.1" is a plain semver version for angular-google-maps
53 silly mapToRegistry name angular-google-maps
54 silly mapToRegistry using default registry
55 silly mapToRegistry registry https://registry.npmjs.org/
56 silly mapToRegistry data Result {
56 silly mapToRegistry   raw: 'angular-google-maps',
56 silly mapToRegistry   scope: null,
56 silly mapToRegistry   escapedName: 'angular-google-maps',
56 silly mapToRegistry   name: 'angular-google-maps',
56 silly mapToRegistry   rawSpec: '',
56 silly mapToRegistry   spec: 'latest',
56 silly mapToRegistry   type: 'tag' }
57 silly mapToRegistry uri https://registry.npmjs.org/angular-google-maps
58 verbose addRemoteTarball https://registry.npmjs.org/angular-google-maps/-/angular-google-maps-2.4.1.tgz not in flight; adding
59 verbose addRemoteTarball [ 'https://registry.npmjs.org/angular-google-maps/-/angular-google-maps-2.4.1.tgz',
59 verbose addRemoteTarball   'a0479f3a99cda690b72df536cf1c77d11e18ee23' ]
60 info retry fetch attempt 1 at 2:34:09 AM
61 info attempt registry request try #1 at 2:34:09 AM
62 http fetch GET https://registry.npmjs.org/angular-google-maps/-/angular-google-maps-2.4.1.tgz
63 http fetch 200 https://registry.npmjs.org/angular-google-maps/-/angular-google-maps-2.4.1.tgz
64 silly fetchAndShaCheck shasum a0479f3a99cda690b72df536cf1c77d11e18ee23
65 verbose addTmpTarball C:\Users\sanka\AppData\Local\Temp\npm-12056-48402b9f\registry.npmjs.org\angular-google-maps\-\angular-google-maps-2.4.1.tgz not in flight; adding
66 verbose addTmpTarball already have metadata; skipping unpack for angular-google-maps@2.4.1
67 verbose correctMkdir C:\Users\sanka\AppData\Roaming\npm-cache correctMkdir not in flight; initializing
68 silly cache afterAdd angular-google-maps@2.4.1
69 verbose afterAdd C:\Users\sanka\AppData\Roaming\npm-cache\angular-google-maps\2.4.1\package\package.json not in flight; writing
70 verbose correctMkdir C:\Users\sanka\AppData\Roaming\npm-cache correctMkdir not in flight; initializing
71 verbose afterAdd C:\Users\sanka\AppData\Roaming\npm-cache\angular-google-maps\2.4.1\package\package.json written
72 silly fetchNamedPackageData angular
73 silly mapToRegistry name angular
74 silly mapToRegistry using default registry
75 silly mapToRegistry registry https://registry.npmjs.org/
76 silly mapToRegistry data Result {
76 silly mapToRegistry   raw: 'angular',
76 silly mapToRegistry   scope: null,
76 silly mapToRegistry   escapedName: 'angular',
76 silly mapToRegistry   name: 'angular',
76 silly mapToRegistry   rawSpec: '',
76 silly mapToRegistry   spec: 'latest',
76 silly mapToRegistry   type: 'tag' }
77 silly mapToRegistry uri https://registry.npmjs.org/angular
78 silly fetchNamedPackageData angular-simple-logger
79 silly mapToRegistry name angular-simple-logger
80 silly mapToRegistry using default registry
81 silly mapToRegistry registry https://registry.npmjs.org/
82 silly mapToRegistry data Result {
82 silly mapToRegistry   raw: 'angular-simple-logger',
82 silly mapToRegistry   scope: null,
82 silly mapToRegistry   escapedName: 'angular-simple-logger',
82 silly mapToRegistry   name: 'angular-simple-logger',
82 silly mapToRegistry   rawSpec: '',
82 silly mapToRegistry   spec: 'latest',
82 silly mapToRegistry   type: 'tag' }
83 silly mapToRegistry uri https://registry.npmjs.org/angular-simple-logger
84 silly fetchNamedPackageData google-maps-utility-library-v3-infobox
85 silly mapToRegistry name google-maps-utility-library-v3-infobox
86 silly mapToRegistry using default registry
87 silly mapToRegistry registry https://registry.npmjs.org/
88 silly mapToRegistry data Result {
88 silly mapToRegistry   raw: 'google-maps-utility-library-v3-infobox',
88 silly mapToRegistry   scope: null,
88 silly mapToRegistry   escapedName: 'google-maps-utility-library-v3-infobox',
88 silly mapToRegistry   name: 'google-maps-utility-library-v3-infobox',
88 silly mapToRegistry   rawSpec: '',
88 silly mapToRegistry   spec: 'latest',
88 silly mapToRegistry   type: 'tag' }
89 silly mapToRegistry uri https://registry.npmjs.org/google-maps-utility-library-v3-infobox
90 silly fetchNamedPackageData google-maps-utility-library-v3-keydragzoom
91 silly mapToRegistry name google-maps-utility-library-v3-keydragzoom
92 silly mapToRegistry using default registry
93 silly mapToRegistry registry https://registry.npmjs.org/
94 silly mapToRegistry data Result {
94 silly mapToRegistry   raw: 'google-maps-utility-library-v3-keydragzoom',
94 silly mapToRegistry   scope: null,
94 silly mapToRegistry   escapedName: 'google-maps-utility-library-v3-keydragzoom',
94 silly mapToRegistry   name: 'google-maps-utility-library-v3-keydragzoom',
94 silly mapToRegistry   rawSpec: '',
94 silly mapToRegistry   spec: 'latest',
94 silly mapToRegistry   type: 'tag' }
95 silly mapToRegistry uri https://registry.npmjs.org/google-maps-utility-library-v3-keydragzoom
96 silly fetchNamedPackageData markerclustererplus
97 silly mapToRegistry name markerclustererplus
98 silly mapToRegistry using default registry
99 silly mapToRegistry registry https://registry.npmjs.org/
100 silly mapToRegistry data Result {
100 silly mapToRegistry   raw: 'markerclustererplus',
100 silly mapToRegistry   scope: null,
100 silly mapToRegistry   escapedName: 'markerclustererplus',
100 silly mapToRegistry   name: 'markerclustererplus',
100 silly mapToRegistry   rawSpec: '',
100 silly mapToRegistry   spec: 'latest',
100 silly mapToRegistry   type: 'tag' }
101 silly mapToRegistry uri https://registry.npmjs.org/markerclustererplus
102 silly fetchOtherPackageData google-maps-utility-library-v3-markerwithlabel@git://github.com/nmccready/google-maps-utility-library-v3-markerwithlabel.git
103 silly cache add args [ 'google-maps-utility-library-v3-markerwithlabel@git://github.com/nmccready/google-maps-utility-library-v3-markerwithlabel.git',
103 silly cache add   null ]
104 verbose cache add spec google-maps-utility-library-v3-markerwithlabel@git://github.com/nmccready/google-maps-utility-library-v3-markerwithlabel.git
105 silly fetchOtherPackageData js-rich-marker@git://github.com/MikaFima/js-rich-marker.git#0383f4bbdad4ddf154772fedbdd27e464600e943
106 silly cache add args [ 'js-rich-marker@git://github.com/MikaFima/js-rich-marker.git#0383f4bbdad4ddf154772fedbdd27e464600e943',
106 silly cache add   null ]
107 verbose cache add spec js-rich-marker@git://github.com/MikaFima/js-rich-marker.git#0383f4bbdad4ddf154772fedbdd27e464600e943
108 verbose request uri https://registry.npmjs.org/angular
109 verbose request no auth needed
110 info attempt registry request try #1 at 2:34:09 AM
111 http request GET https://registry.npmjs.org/angular
112 verbose request uri https://registry.npmjs.org/angular-simple-logger
113 verbose request no auth needed
114 info attempt registry request try #1 at 2:34:09 AM
115 http request GET https://registry.npmjs.org/angular-simple-logger
116 verbose request uri https://registry.npmjs.org/google-maps-utility-library-v3-infobox
117 verbose request no auth needed
118 info attempt registry request try #1 at 2:34:09 AM
119 http request GET https://registry.npmjs.org/google-maps-utility-library-v3-infobox
120 verbose request uri https://registry.npmjs.org/google-maps-utility-library-v3-keydragzoom
121 verbose request no auth needed
122 info attempt registry request try #1 at 2:34:09 AM
123 http request GET https://registry.npmjs.org/google-maps-utility-library-v3-keydragzoom
124 verbose request uri https://registry.npmjs.org/markerclustererplus
125 verbose request no auth needed
126 info attempt registry request try #1 at 2:34:09 AM
127 http request GET https://registry.npmjs.org/markerclustererplus
128 silly cache add parsed spec Result {
128 silly cache add   raw: 'google-maps-utility-library-v3-markerwithlabel@git://github.com/nmccready/google-maps-utility-library-v3-markerwithlabel.git',
128 silly cache add   scope: null,
128 silly cache add   escapedName: 'google-maps-utility-library-v3-markerwithlabel',
128 silly cache add   name: 'google-maps-utility-library-v3-markerwithlabel',
128 silly cache add   rawSpec: 'git://github.com/nmccready/google-maps-utility-library-v3-markerwithlabel.git',
128 silly cache add   spec: 'git://github.com/nmccready/google-maps-utility-library-v3-markerwithlabel.git',
128 silly cache add   type: 'hosted',
128 silly cache add   hosted:
128 silly cache add    { type: 'github',
128 silly cache add      ssh: 'git@github.com:nmccready/google-maps-utility-library-v3-markerwithlabel.git',
128 silly cache add      sshUrl: 'git+ssh://git@github.com/nmccready/google-maps-utility-library-v3-markerwithlabel.git',
128 silly cache add      httpsUrl: 'git+https://github.com/nmccready/google-maps-utility-library-v3-markerwithlabel.git',
128 silly cache add      gitUrl: 'git://github.com/nmccready/google-maps-utility-library-v3-markerwithlabel.git',
128 silly cache add      shortcut: 'github:nmccready/google-maps-utility-library-v3-markerwithlabel',
128 silly cache add      directUrl: 'https://raw.githubusercontent.com/nmccready/google-maps-utility-library-v3-markerwithlabel/master/package.json' } }
129 verbose addRemoteGit caching git://github.com/nmccready/google-maps-utility-library-v3-markerwithlabel.git
130 verbose addRemoteGit git://github.com/nmccready/google-maps-utility-library-v3-markerwithlabel.git is a repository hosted by github
131 silly tryClone cloning git://github.com/nmccready/google-maps-utility-library-v3-markerwithlabel.git via git://github.com/nmccready/google-maps-utility-library-v3-markerwithlabel.git
132 verbose tryClone git-github-com-nmccready-google-maps-utility-library-v3-markerwithlabel-git-535ad55b not in flight; caching
133 verbose correctMkdir C:\Users\sanka\AppData\Roaming\npm-cache\_git-remotes correctMkdir not in flight; initializing
134 silly cache add parsed spec Result {
134 silly cache add   raw: 'js-rich-marker@git://github.com/MikaFima/js-rich-marker.git#0383f4bbdad4ddf154772fedbdd27e464600e943',
134 silly cache add   scope: null,
134 silly cache add   escapedName: 'js-rich-marker',
134 silly cache add   name: 'js-rich-marker',
134 silly cache add   rawSpec: 'git://github.com/MikaFima/js-rich-marker.git#0383f4bbdad4ddf154772fedbdd27e464600e943',
134 silly cache add   spec: 'git://github.com/MikaFima/js-rich-marker.git#0383f4bbdad4ddf154772fedbdd27e464600e943',
134 silly cache add   type: 'hosted',
134 silly cache add   hosted:
134 silly cache add    { type: 'github',
134 silly cache add      ssh: 'git@github.com:MikaFima/js-rich-marker.git#0383f4bbdad4ddf154772fedbdd27e464600e943',
134 silly cache add      sshUrl: 'git+ssh://git@github.com/MikaFima/js-rich-marker.git#0383f4bbdad4ddf154772fedbdd27e464600e943',
134 silly cache add      httpsUrl: 'git+https://github.com/MikaFima/js-rich-marker.git#0383f4bbdad4ddf154772fedbdd27e464600e943',
134 silly cache add      gitUrl: 'git://github.com/MikaFima/js-rich-marker.git#0383f4bbdad4ddf154772fedbdd27e464600e943',
134 silly cache add      shortcut: 'github:MikaFima/js-rich-marker#0383f4bbdad4ddf154772fedbdd27e464600e943',
134 silly cache add      directUrl: 'https://raw.githubusercontent.com/MikaFima/js-rich-marker/0383f4bbdad4ddf154772fedbdd27e464600e943/package.json' } }
135 verbose addRemoteGit caching git://github.com/MikaFima/js-rich-marker.git#0383f4bbdad4ddf154772fedbdd27e464600e943
136 verbose addRemoteGit git://github.com/MikaFima/js-rich-marker.git#0383f4bbdad4ddf154772fedbdd27e464600e943 is a repository hosted by github
137 silly tryClone cloning git://github.com/MikaFima/js-rich-marker.git#0383f4bbdad4ddf154772fedbdd27e464600e943 via git://github.com/MikaFima/js-rich-marker.git#0383f4bbdad4ddf154772fedbdd27e464600e943
138 verbose tryClone git-github-com-MikaFima-js-rich-marker-git-0383f4bbdad4ddf154772fedbdd27e464600e943-e7abb722 not in flight; caching
139 verbose correctMkdir C:\Users\sanka\AppData\Roaming\npm-cache\_git-remotes correctMkdir already in flight; waiting
140 verbose makeDirectory C:\Users\sanka\AppData\Roaming\npm-cache\_git-remotes creation not in flight; initializing
141 verbose makeCacheDir UID & GID are irrelevant on win32
142 error git clone --template=C:\Users\sanka\AppData\Roaming\npm-cache\_git-remotes\_templates --mirror git://github.com/MikaFima/js-rich-marker.git C:\Users\sanka\AppData\Roaming\npm-cache\_git-remotes\git-github-com-MikaFima-js-rich-marker-git-0383f4bbdad4ddf154772fedbdd27e464600e943-e7abb722: undefined
142 error git clone --template=C:\Users\sanka\AppData\Roaming\npm-cache\_git-remotes\_templates --mirror git://github.com/MikaFima/js-rich-marker.git C:\Users\sanka\AppData\Roaming\npm-cache\_git-remotes\git-github-com-MikaFima-js-rich-marker-git-0383f4bbdad4ddf154772fedbdd27e464600e943-e7abb722: undefined
143 silly fetchPackageMetaData Error: not found: git
143 silly fetchPackageMetaData     at getNotFoundError (C:\Program Files\nodejs\node_modules\npm\node_modules\which\which.js:14:12)
143 silly fetchPackageMetaData     at F (C:\Program Files\nodejs\node_modules\npm\node_modules\which\which.js:69:19)
143 silly fetchPackageMetaData     at E (C:\Program Files\nodejs\node_modules\npm\node_modules\which\which.js:81:29)
143 silly fetchPackageMetaData     at C:\Program Files\nodejs\node_modules\npm\node_modules\which\which.js:90:16
143 silly fetchPackageMetaData     at C:\Program Files\nodejs\node_modules\npm\node_modules\which\node_modules\isexe\index.js:44:5
143 silly fetchPackageMetaData     at C:\Program Files\nodejs\node_modules\npm\node_modules\which\node_modules\isexe\windows.js:29:5
143 silly fetchPackageMetaData     at C:\Program Files\nodejs\node_modules\npm\node_modules\graceful-fs\polyfills.js:264:29
143 silly fetchPackageMetaData     at FSReqWrap.oncomplete (fs.js:123:15)
143 silly fetchPackageMetaData  error for js-rich-marker@git://github.com/MikaFima/js-rich-marker.git#0383f4bbdad4ddf154772fedbdd27e464600e943 { Error: not found: git
143 silly fetchPackageMetaData     at getNotFoundError (C:\Program Files\nodejs\node_modules\npm\node_modules\which\which.js:14:12)
143 silly fetchPackageMetaData     at F (C:\Program Files\nodejs\node_modules\npm\node_modules\which\which.js:69:19)
143 silly fetchPackageMetaData     at E (C:\Program Files\nodejs\node_modules\npm\node_modules\which\which.js:81:29)
143 silly fetchPackageMetaData     at C:\Program Files\nodejs\node_modules\npm\node_modules\which\which.js:90:16
143 silly fetchPackageMetaData     at C:\Program Files\nodejs\node_modules\npm\node_modules\which\node_modules\isexe\index.js:44:5
143 silly fetchPackageMetaData     at C:\Program Files\nodejs\node_modules\npm\node_modules\which\node_modules\isexe\windows.js:29:5
143 silly fetchPackageMetaData     at C:\Program Files\nodejs\node_modules\npm\node_modules\graceful-fs\polyfills.js:264:29
143 silly fetchPackageMetaData     at FSReqWrap.oncomplete (fs.js:123:15) code: 'ENOGIT' }
144 error git clone --template=C:\Users\sanka\AppData\Roaming\npm-cache\_git-remotes\_templates --mirror git://github.com/nmccready/google-maps-utility-library-v3-markerwithlabel.git C:\Users\sanka\AppData\Roaming\npm-cache\_git-remotes\git-github-com-nmccready-google-maps-utility-library-v3-markerwithlabel-git-535ad55b: undefined
144 error git clone --template=C:\Users\sanka\AppData\Roaming\npm-cache\_git-remotes\_templates --mirror git://github.com/nmccready/google-maps-utility-library-v3-markerwithlabel.git C:\Users\sanka\AppData\Roaming\npm-cache\_git-remotes\git-github-com-nmccready-google-maps-utility-library-v3-markerwithlabel-git-535ad55b: undefined
145 silly fetchPackageMetaData Error: not found: git
145 silly fetchPackageMetaData     at getNotFoundError (C:\Program Files\nodejs\node_modules\npm\node_modules\which\which.js:14:12)
145 silly fetchPackageMetaData     at F (C:\Program Files\nodejs\node_modules\npm\node_modules\which\which.js:69:19)
145 silly fetchPackageMetaData     at E (C:\Program Files\nodejs\node_modules\npm\node_modules\which\which.js:81:29)
145 silly fetchPackageMetaData     at C:\Program Files\nodejs\node_modules\npm\node_modules\which\which.js:90:16
145 silly fetchPackageMetaData     at C:\Program Files\nodejs\node_modules\npm\node_modules\which\node_modules\isexe\index.js:44:5
145 silly fetchPackageMetaData     at C:\Program Files\nodejs\node_modules\npm\node_modules\which\node_modules\isexe\windows.js:29:5
145 silly fetchPackageMetaData     at C:\Program Files\nodejs\node_modules\npm\node_modules\graceful-fs\polyfills.js:264:29
145 silly fetchPackageMetaData     at FSReqWrap.oncomplete (fs.js:123:15)
145 silly fetchPackageMetaData  error for google-maps-utility-library-v3-markerwithlabel@git://github.com/nmccready/google-maps-utility-library-v3-markerwithlabel.git { Error: not found: git
145 silly fetchPackageMetaData     at getNotFoundError (C:\Program Files\nodejs\node_modules\npm\node_modules\which\which.js:14:12)
145 silly fetchPackageMetaData     at F (C:\Program Files\nodejs\node_modules\npm\node_modules\which\which.js:69:19)
145 silly fetchPackageMetaData     at E (C:\Program Files\nodejs\node_modules\npm\node_modules\which\which.js:81:29)
145 silly fetchPackageMetaData     at C:\Program Files\nodejs\node_modules\npm\node_modules\which\which.js:90:16
145 silly fetchPackageMetaData     at C:\Program Files\nodejs\node_modules\npm\node_modules\which\node_modules\isexe\index.js:44:5
145 silly fetchPackageMetaData     at C:\Program Files\nodejs\node_modules\npm\node_modules\which\node_modules\isexe\windows.js:29:5
145 silly fetchPackageMetaData     at C:\Program Files\nodejs\node_modules\npm\node_modules\graceful-fs\polyfills.js:264:29
145 silly fetchPackageMetaData     at FSReqWrap.oncomplete (fs.js:123:15) code: 'ENOGIT' }
146 http 200 https://registry.npmjs.org/angular
147 verbose headers { server: 'nginx/1.10.1',
147 verbose headers   'content-type': 'application/json',
147 verbose headers   'last-modified': 'Fri, 07 Apr 2017 14:15:38 GMT',
147 verbose headers   etag: 'W/"58e79f0a-24ae7"',
147 verbose headers   'content-encoding': 'gzip',
147 verbose headers   'cache-control': 'max-age=300',
147 verbose headers   'content-length': '15433',
147 verbose headers   'accept-ranges': 'bytes',
147 verbose headers   date: 'Sun, 09 Apr 2017 06:34:08 GMT',
147 verbose headers   via: '1.1 varnish',
147 verbose headers   age: '0',
147 verbose headers   connection: 'keep-alive',
147 verbose headers   'x-served-by': 'cache-bos8233-BOS',
147 verbose headers   'x-cache': 'MISS',
147 verbose headers   'x-cache-hits': '0',
147 verbose headers   'x-timer': 'S1491719648.321784,VS0,VE26',
147 verbose headers   vary: 'Accept-Encoding' }
148 silly get cb [ 200,
148 silly get   { server: 'nginx/1.10.1',
148 silly get     'content-type': 'application/json',
148 silly get     'last-modified': 'Fri, 07 Apr 2017 14:15:38 GMT',
148 silly get     etag: 'W/"58e79f0a-24ae7"',
148 silly get     'content-encoding': 'gzip',
148 silly get     'cache-control': 'max-age=300',
148 silly get     'content-length': '15433',
148 silly get     'accept-ranges': 'bytes',
148 silly get     date: 'Sun, 09 Apr 2017 06:34:08 GMT',
148 silly get     via: '1.1 varnish',
148 silly get     age: '0',
148 silly get     connection: 'keep-alive',
148 silly get     'x-served-by': 'cache-bos8233-BOS',
148 silly get     'x-cache': 'MISS',
148 silly get     'x-cache-hits': '0',
148 silly get     'x-timer': 'S1491719648.321784,VS0,VE26',
148 silly get     vary: 'Accept-Encoding' } ]
149 verbose get saving angular to C:\Users\sanka\AppData\Roaming\npm-cache\registry.npmjs.org\angular\.cache.json
150 verbose correctMkdir C:\Users\sanka\AppData\Roaming\npm-cache correctMkdir not in flight; initializing
151 silly resolveWithNewModule angular@1.6.4 checking installable status
152 silly cache add args [ 'angular@1.2 - 1.6', null ]
153 verbose cache add spec angular@1.2 - 1.6
154 silly cache add parsed spec Result {
154 silly cache add   raw: 'angular@1.2 - 1.6',
154 silly cache add   scope: null,
154 silly cache add   escapedName: 'angular',
154 silly cache add   name: 'angular',
154 silly cache add   rawSpec: '1.2 - 1.6',
154 silly cache add   spec: '>=1.2.0 <1.7.0',
154 silly cache add   type: 'range' }
155 silly addNamed angular@>=1.2.0 <1.7.0
156 verbose addNamed ">=1.2.0 <1.7.0" is a valid semver range for angular
157 silly addNameRange { name: 'angular', range: '>=1.2.0 <1.7.0', hasData: false }
158 silly mapToRegistry name angular
159 silly mapToRegistry using default registry
160 silly mapToRegistry registry https://registry.npmjs.org/
161 silly mapToRegistry data Result {
161 silly mapToRegistry   raw: 'angular',
161 silly mapToRegistry   scope: null,
161 silly mapToRegistry   escapedName: 'angular',
161 silly mapToRegistry   name: 'angular',
161 silly mapToRegistry   rawSpec: '',
161 silly mapToRegistry   spec: 'latest',
161 silly mapToRegistry   type: 'tag' }
162 silly mapToRegistry uri https://registry.npmjs.org/angular
163 verbose addNameRange registry:https://registry.npmjs.org/angular not in flight; fetching
164 http 200 https://registry.npmjs.org/google-maps-utility-library-v3-infobox
165 verbose headers { server: 'nginx/1.10.1',
165 verbose headers   'content-type': 'application/json',
165 verbose headers   'last-modified': 'Wed, 02 Nov 2016 13:50:25 GMT',
165 verbose headers   etag: 'W/"5819ef21-176a"',
165 verbose headers   'content-encoding': 'gzip',
165 verbose headers   'cache-control': 'max-age=300',
165 verbose headers   'content-length': '1488',
165 verbose headers   'accept-ranges': 'bytes',
165 verbose headers   date: 'Sun, 09 Apr 2017 06:34:08 GMT',
165 verbose headers   via: '1.1 varnish',
165 verbose headers   age: '0',
165 verbose headers   connection: 'keep-alive',
165 verbose headers   'x-served-by': 'cache-bos8220-BOS',
165 verbose headers   'x-cache': 'MISS',
165 verbose headers   'x-cache-hits': '0',
165 verbose headers   'x-timer': 'S1491719648.377215,VS0,VE12',
165 verbose headers   vary: 'Accept-Encoding' }
166 silly get cb [ 200,
166 silly get   { server: 'nginx/1.10.1',
166 silly get     'content-type': 'application/json',
166 silly get     'last-modified': 'Wed, 02 Nov 2016 13:50:25 GMT',
166 silly get     etag: 'W/"5819ef21-176a"',
166 silly get     'content-encoding': 'gzip',
166 silly get     'cache-control': 'max-age=300',
166 silly get     'content-length': '1488',
166 silly get     'accept-ranges': 'bytes',
166 silly get     date: 'Sun, 09 Apr 2017 06:34:08 GMT',
166 silly get     via: '1.1 varnish',
166 silly get     age: '0',
166 silly get     connection: 'keep-alive',
166 silly get     'x-served-by': 'cache-bos8220-BOS',
166 silly get     'x-cache': 'MISS',
166 silly get     'x-cache-hits': '0',
166 silly get     'x-timer': 'S1491719648.377215,VS0,VE12',
166 silly get     vary: 'Accept-Encoding' } ]
167 verbose get saving google-maps-utility-library-v3-infobox to C:\Users\sanka\AppData\Roaming\npm-cache\registry.npmjs.org\google-maps-utility-library-v3-infobox\.cache.json
168 verbose correctMkdir C:\Users\sanka\AppData\Roaming\npm-cache correctMkdir not in flight; initializing
169 http 200 https://registry.npmjs.org/angular-simple-logger
170 verbose headers { server: 'nginx/1.10.1',
170 verbose headers   'content-type': 'application/json',
170 verbose headers   'last-modified': 'Fri, 07 Apr 2017 14:44:47 GMT',
170 verbose headers   etag: 'W/"58e7a5df-76d5"',
170 verbose headers   'content-encoding': 'gzip',
170 verbose headers   'cache-control': 'max-age=300',
170 verbose headers   'content-length': '4622',
170 verbose headers   'accept-ranges': 'bytes',
170 verbose headers   date: 'Sun, 09 Apr 2017 06:34:08 GMT',
170 verbose headers   via: '1.1 varnish',
170 verbose headers   age: '0',
170 verbose headers   connection: 'keep-alive',
170 verbose headers   'x-served-by': 'cache-bos8235-BOS',
170 verbose headers   'x-cache': 'MISS',
170 verbose headers   'x-cache-hits': '0',
170 verbose headers   'x-timer': 'S1491719648.373136,VS0,VE13',
170 verbose headers   vary: 'Accept-Encoding' }
171 silly get cb [ 200,
171 silly get   { server: 'nginx/1.10.1',
171 silly get     'content-type': 'application/json',
171 silly get     'last-modified': 'Fri, 07 Apr 2017 14:44:47 GMT',
171 silly get     etag: 'W/"58e7a5df-76d5"',
171 silly get     'content-encoding': 'gzip',
171 silly get     'cache-control': 'max-age=300',
171 silly get     'content-length': '4622',
171 silly get     'accept-ranges': 'bytes',
171 silly get     date: 'Sun, 09 Apr 2017 06:34:08 GMT',
171 silly get     via: '1.1 varnish',
171 silly get     age: '0',
171 silly get     connection: 'keep-alive',
171 silly get     'x-served-by': 'cache-bos8235-BOS',
171 silly get     'x-cache': 'MISS',
171 silly get     'x-cache-hits': '0',
171 silly get     'x-timer': 'S1491719648.373136,VS0,VE13',
171 silly get     vary: 'Accept-Encoding' } ]
172 verbose get saving angular-simple-logger to C:\Users\sanka\AppData\Roaming\npm-cache\registry.npmjs.org\angular-simple-logger\.cache.json
173 verbose correctMkdir C:\Users\sanka\AppData\Roaming\npm-cache correctMkdir not in flight; initializing
174 verbose get https://registry.npmjs.org/angular not expired, no request
175 silly addNameRange number 2 { name: 'angular', range: '>=1.2.0 <1.7.0', hasData: true }
176 silly addNameRange versions [ 'angular',
176 silly addNameRange   [ '0.0.1',
176 silly addNameRange     '0.0.1-1',
176 silly addNameRange     '0.0.1-2',
176 silly addNameRange     '0.0.2',
176 silly addNameRange     '0.0.3',
176 silly addNameRange     '0.0.4',
176 silly addNameRange     '1.0.0',
176 silly addNameRange     '1.0.1',
176 silly addNameRange     '1.0.2',
176 silly addNameRange     '1.0.3',
176 silly addNameRange     '1.0.4',
176 silly addNameRange     '1.0.5',
176 silly addNameRange     '1.0.6',
176 silly addNameRange     '1.0.7',
176 silly addNameRange     '1.0.8',
176 silly addNameRange     '1.1.0',
176 silly addNameRange     '1.1.1',
176 silly addNameRange     '1.1.2',
176 silly addNameRange     '1.1.3',
176 silly addNameRange     '1.1.4',
176 silly addNameRange     '1.1.5',
176 silly addNameRange     '1.2.0',
176 silly addNameRange     '1.2.1',
176 silly addNameRange     '1.2.2',
176 silly addNameRange     '1.2.3',
176 silly addNameRange     '1.2.4',
176 silly addNameRange     '1.2.5',
176 silly addNameRange     '1.2.6',
176 silly addNameRange     '1.2.7',
176 silly addNameRange     '1.2.8',
176 silly addNameRange     '1.2.9',
176 silly addNameRange     '1.2.10',
176 silly addNameRange     '1.2.11',
176 silly addNameRange     '1.2.12',
176 silly addNameRange     '1.2.13',
176 silly addNameRange     '1.2.14',
176 silly addNameRange     '1.2.15',
176 silly addNameRange     '1.2.16',
176 silly addNameRange     '1.2.17',
176 silly addNameRange     '1.2.18',
176 silly addNameRange     '1.2.19',
176 silly addNameRange     '1.2.20',
176 silly addNameRange     '1.2.21',
176 silly addNameRange     '1.2.22',
176 silly addNameRange     '1.2.23',
176 silly addNameRange     '1.3.0-rc.5',
176 silly addNameRange     '1.3.0',
176 silly addNameRange     '1.3.1',
176 silly addNameRange     '1.3.2',
176 silly addNameRange     '1.3.3',
176 silly addNameRange     '1.3.4-build.3588',
176 silly addNameRange     '1.2.27',
176 silly addNameRange     '1.3.4',
176 silly addNameRange     '1.3.5',
176 silly addNameRange     '1.3.6',
176 silly addNameRange     '1.3.7',
176 silly addNameRange     '1.2.28',
176 silly addNameRange     '1.3.8',
176 silly addNameRange     '1.4.0-beta.0',
176 silly addNameRange     '1.3.9',
176 silly addNameRange     '1.3.10',
176 silly addNameRange     '1.4.0-beta.1',
176 silly addNameRange     '1.4.0-beta.2',
176 silly addNameRange     '1.3.11',
176 silly addNameRange     '1.4.0-beta.3',
176 silly addNameRange     '1.3.12',
176 silly addNameRange     '1.3.13',
176 silly addNameRange     '1.4.0-beta.4',
176 silly addNameRange     '1.3.14',
176 silly addNameRange     '1.4.0-beta.5',
176 silly addNameRange     '1.4.0-beta.6',
176 silly addNameRange     '1.3.15',
176 silly addNameRange     '1.4.0-rc.0',
176 silly addNameRange     '1.4.0-rc.1',
176 silly addNameRange     '1.4.0-rc.2',
176 silly addNameRange     '1.4.0',
176 silly addNameRange     '1.3.16',
176 silly addNameRange     '1.4.1',
176 silly addNameRange     '1.4.2',
176 silly addNameRange     '1.3.17',
176 silly addNameRange     '1.4.3',
176 silly addNameRange     '1.4.4',
176 silly addNameRange     '1.3.18',
176 silly addNameRange     '1.4.5',
176 silly addNameRange     '1.3.19',
176 silly addNameRange     '1.4.6',
176 silly addNameRange     '1.5.0-beta.0',
176 silly addNameRange     '1.2.29',
176 silly addNameRange     '1.3.20',
176 silly addNameRange     '1.4.7',
176 silly addNameRange     '1.5.0-beta.2',
176 silly addNameRange     '1.4.8',
176 silly addNameRange     '1.5.0-rc.0',
176 silly addNameRange     '1.5.0-rc.1',
176 silly addNameRange     '1.4.9',
176 silly addNameRange     '1.5.0-rc.2',
176 silly addNameRange     '1.5.0',
176 silly addNameRange     '1.5.1',
176 silly addNameRange     '1.4.10',
176 silly addNameRange     '1.5.2',
176 silly addNameRange     ... 23 more items ] ]
177 silly addNamed angular@1.6.4
178 verbose addNamed "1.6.4" is a plain semver version for angular
179 silly mapToRegistry name angular
180 silly mapToRegistry using default registry
181 silly mapToRegistry registry https://registry.npmjs.org/
182 silly mapToRegistry data Result {
182 silly mapToRegistry   raw: 'angular',
182 silly mapToRegistry   scope: null,
182 silly mapToRegistry   escapedName: 'angular',
182 silly mapToRegistry   name: 'angular',
182 silly mapToRegistry   rawSpec: '',
182 silly mapToRegistry   spec: 'latest',
182 silly mapToRegistry   type: 'tag' }
183 silly mapToRegistry uri https://registry.npmjs.org/angular
184 verbose addRemoteTarball https://registry.npmjs.org/angular/-/angular-1.6.4.tgz not in flight; adding
185 verbose addRemoteTarball [ 'https://registry.npmjs.org/angular/-/angular-1.6.4.tgz',
185 verbose addRemoteTarball   '03b7b15c01a0802d7e2cf593240e604054dc77fb' ]
186 info retry fetch attempt 1 at 2:34:09 AM
187 info attempt registry request try #1 at 2:34:09 AM
188 http fetch GET https://registry.npmjs.org/angular/-/angular-1.6.4.tgz
189 silly resolveWithNewModule google-maps-utility-library-v3-infobox@1.1.14 checking installable status
190 silly cache add args [ 'google-maps-utility-library-v3-infobox@1.1.14', null ]
191 verbose cache add spec google-maps-utility-library-v3-infobox@1.1.14
192 silly cache add parsed spec Result {
192 silly cache add   raw: 'google-maps-utility-library-v3-infobox@1.1.14',
192 silly cache add   scope: null,
192 silly cache add   escapedName: 'google-maps-utility-library-v3-infobox',
192 silly cache add   name: 'google-maps-utility-library-v3-infobox',
192 silly cache add   rawSpec: '1.1.14',
192 silly cache add   spec: '1.1.14',
192 silly cache add   type: 'version' }
193 silly addNamed google-maps-utility-library-v3-infobox@1.1.14
194 verbose addNamed "1.1.14" is a plain semver version for google-maps-utility-library-v3-infobox
195 silly mapToRegistry name google-maps-utility-library-v3-infobox
196 silly mapToRegistry using default registry
197 silly mapToRegistry registry https://registry.npmjs.org/
198 silly mapToRegistry data Result {
198 silly mapToRegistry   raw: 'google-maps-utility-library-v3-infobox',
198 silly mapToRegistry   scope: null,
198 silly mapToRegistry   escapedName: 'google-maps-utility-library-v3-infobox',
198 silly mapToRegistry   name: 'google-maps-utility-library-v3-infobox',
198 silly mapToRegistry   rawSpec: '',
198 silly mapToRegistry   spec: 'latest',
198 silly mapToRegistry   type: 'tag' }
199 silly mapToRegistry uri https://registry.npmjs.org/google-maps-utility-library-v3-infobox
200 verbose addNameVersion registry:https://registry.npmjs.org/google-maps-utility-library-v3-infobox not in flight; fetching
201 verbose get https://registry.npmjs.org/google-maps-utility-library-v3-infobox not expired, no request
202 silly mapToRegistry name google-maps-utility-library-v3-infobox
203 silly mapToRegistry using default registry
204 silly mapToRegistry registry https://registry.npmjs.org/
205 silly mapToRegistry data Result {
205 silly mapToRegistry   raw: 'google-maps-utility-library-v3-infobox',
205 silly mapToRegistry   scope: null,
205 silly mapToRegistry   escapedName: 'google-maps-utility-library-v3-infobox',
205 silly mapToRegistry   name: 'google-maps-utility-library-v3-infobox',
205 silly mapToRegistry   rawSpec: '',
205 silly mapToRegistry   spec: 'latest',
205 silly mapToRegistry   type: 'tag' }
206 silly mapToRegistry uri https://registry.npmjs.org/google-maps-utility-library-v3-infobox
207 verbose addRemoteTarball https://registry.npmjs.org/google-maps-utility-library-v3-infobox/-/google-maps-utility-library-v3-infobox-1.1.14.tgz not in flight; adding
208 verbose addRemoteTarball [ 'https://registry.npmjs.org/google-maps-utility-library-v3-infobox/-/google-maps-utility-library-v3-infobox-1.1.14.tgz',
208 verbose addRemoteTarball   '69c888cef8bff869c32275e3413d90cc09392914' ]
209 info retry fetch attempt 1 at 2:34:09 AM
210 info attempt registry request try #1 at 2:34:09 AM
211 http fetch GET https://registry.npmjs.org/google-maps-utility-library-v3-infobox/-/google-maps-utility-library-v3-infobox-1.1.14.tgz
212 http fetch 200 https://registry.npmjs.org/angular/-/angular-1.6.4.tgz
213 silly resolveWithNewModule angular-simple-logger@0.1.7 checking installable status
214 silly cache add args [ 'angular-simple-logger@>=0.0.1', null ]
215 verbose cache add spec angular-simple-logger@>=0.0.1
216 silly cache add parsed spec Result {
216 silly cache add   raw: 'angular-simple-logger@>=0.0.1',
216 silly cache add   scope: null,
216 silly cache add   escapedName: 'angular-simple-logger',
216 silly cache add   name: 'angular-simple-logger',
216 silly cache add   rawSpec: '>=0.0.1',
216 silly cache add   spec: '>=0.0.1',
216 silly cache add   type: 'range' }
217 silly addNamed angular-simple-logger@>=0.0.1
218 verbose addNamed ">=0.0.1" is a valid semver range for angular-simple-logger
219 silly addNameRange { name: 'angular-simple-logger',
219 silly addNameRange   range: '>=0.0.1',
219 silly addNameRange   hasData: false }
220 silly mapToRegistry name angular-simple-logger
221 silly mapToRegistry using default registry
222 silly mapToRegistry registry https://registry.npmjs.org/
223 silly mapToRegistry data Result {
223 silly mapToRegistry   raw: 'angular-simple-logger',
223 silly mapToRegistry   scope: null,
223 silly mapToRegistry   escapedName: 'angular-simple-logger',
223 silly mapToRegistry   name: 'angular-simple-logger',
223 silly mapToRegistry   rawSpec: '',
223 silly mapToRegistry   spec: 'latest',
223 silly mapToRegistry   type: 'tag' }
224 silly mapToRegistry uri https://registry.npmjs.org/angular-simple-logger
225 verbose addNameRange registry:https://registry.npmjs.org/angular-simple-logger not in flight; fetching
226 verbose get https://registry.npmjs.org/angular-simple-logger not expired, no request
227 silly addNameRange number 2 { name: 'angular-simple-logger',
227 silly addNameRange   range: '>=0.0.1',
227 silly addNameRange   hasData: true }
228 silly addNameRange versions [ 'angular-simple-logger',
228 silly addNameRange   [ '0.0.1',
228 silly addNameRange     '0.0.2',
228 silly addNameRange     '0.0.3',
228 silly addNameRange     '0.0.4',
228 silly addNameRange     '0.1.0',
228 silly addNameRange     '0.1.1',
228 silly addNameRange     '0.1.2',
228 silly addNameRange     '0.1.3',
228 silly addNameRange     '0.1.4',
228 silly addNameRange     '0.1.5',
228 silly addNameRange     '0.1.6',
228 silly addNameRange     '0.1.7' ] ]
229 silly addNamed angular-simple-logger@0.1.7
230 verbose addNamed "0.1.7" is a plain semver version for angular-simple-logger
231 silly mapToRegistry name angular-simple-logger
232 silly mapToRegistry using default registry
233 silly mapToRegistry registry https://registry.npmjs.org/
234 silly mapToRegistry data Result {
234 silly mapToRegistry   raw: 'angular-simple-logger',
234 silly mapToRegistry   scope: null,
234 silly mapToRegistry   escapedName: 'angular-simple-logger',
234 silly mapToRegistry   name: 'angular-simple-logger',
234 silly mapToRegistry   rawSpec: '',
234 silly mapToRegistry   spec: 'latest',
234 silly mapToRegistry   type: 'tag' }
235 silly mapToRegistry uri https://registry.npmjs.org/angular-simple-logger
236 verbose addRemoteTarball https://registry.npmjs.org/angular-simple-logger/-/angular-simple-logger-0.1.7.tgz not in flight; adding
237 verbose addRemoteTarball [ 'https://registry.npmjs.org/angular-simple-logger/-/angular-simple-logger-0.1.7.tgz',
237 verbose addRemoteTarball   '4ae48e5eac0973f577845918e56d4933cf66f041' ]
238 info retry fetch attempt 1 at 2:34:09 AM
239 info attempt registry request try #1 at 2:34:09 AM
240 http fetch GET https://registry.npmjs.org/angular-simple-logger/-/angular-simple-logger-0.1.7.tgz
241 http 200 https://registry.npmjs.org/markerclustererplus
242 verbose headers { server: 'nginx/1.10.1',
242 verbose headers   'content-type': 'application/json',
242 verbose headers   'last-modified': 'Wed, 01 Apr 2015 15:35:29 GMT',
242 verbose headers   etag: 'W/"551c1041-1757"',
242 verbose headers   'content-encoding': 'gzip',
242 verbose headers   'cache-control': 'max-age=300',
242 verbose headers   'content-length': '1727',
242 verbose headers   'accept-ranges': 'bytes',
242 verbose headers   date: 'Sun, 09 Apr 2017 06:34:08 GMT',
242 verbose headers   via: '1.1 varnish',
242 verbose headers   age: '0',
242 verbose headers   connection: 'keep-alive',
242 verbose headers   'x-served-by': 'cache-bos8227-BOS',
242 verbose headers   'x-cache': 'MISS',
242 verbose headers   'x-cache-hits': '0',
242 verbose headers   'x-timer': 'S1491719648.377259,VS0,VE91',
242 verbose headers   vary: 'Accept-Encoding' }
243 silly get cb [ 200,
243 silly get   { server: 'nginx/1.10.1',
243 silly get     'content-type': 'application/json',
243 silly get     'last-modified': 'Wed, 01 Apr 2015 15:35:29 GMT',
243 silly get     etag: 'W/"551c1041-1757"',
243 silly get     'content-encoding': 'gzip',
243 silly get     'cache-control': 'max-age=300',
243 silly get     'content-length': '1727',
243 silly get     'accept-ranges': 'bytes',
243 silly get     date: 'Sun, 09 Apr 2017 06:34:08 GMT',
243 silly get     via: '1.1 varnish',
243 silly get     age: '0',
243 silly get     connection: 'keep-alive',
243 silly get     'x-served-by': 'cache-bos8227-BOS',
243 silly get     'x-cache': 'MISS',
243 silly get     'x-cache-hits': '0',
243 silly get     'x-timer': 'S1491719648.377259,VS0,VE91',
243 silly get     vary: 'Accept-Encoding' } ]
244 verbose get saving markerclustererplus to C:\Users\sanka\AppData\Roaming\npm-cache\registry.npmjs.org\markerclustererplus\.cache.json
245 verbose correctMkdir C:\Users\sanka\AppData\Roaming\npm-cache correctMkdir not in flight; initializing
246 http 200 https://registry.npmjs.org/google-maps-utility-library-v3-keydragzoom
247 verbose headers { server: 'nginx/1.10.1',
247 verbose headers   'content-type': 'application/json',
247 verbose headers   'last-modified': 'Fri, 13 May 2016 18:02:38 GMT',
247 verbose headers   etag: 'W/"573616be-f7b"',
247 verbose headers   'content-encoding': 'gzip',
247 verbose headers   'cache-control': 'max-age=300',
247 verbose headers   'content-length': '1313',
247 verbose headers   'accept-ranges': 'bytes',
247 verbose headers   date: 'Sun, 09 Apr 2017 06:34:08 GMT',
247 verbose headers   via: '1.1 varnish',
247 verbose headers   age: '0',
247 verbose headers   connection: 'keep-alive',
247 verbose headers   'x-served-by': 'cache-bos8228-BOS',
247 verbose headers   'x-cache': 'MISS',
247 verbose headers   'x-cache-hits': '0',
247 verbose headers   'x-timer': 'S1491719648.380953,VS0,VE88',
247 verbose headers   vary: 'Accept-Encoding' }
248 silly get cb [ 200,
248 silly get   { server: 'nginx/1.10.1',
248 silly get     'content-type': 'application/json',
248 silly get     'last-modified': 'Fri, 13 May 2016 18:02:38 GMT',
248 silly get     etag: 'W/"573616be-f7b"',
248 silly get     'content-encoding': 'gzip',
248 silly get     'cache-control': 'max-age=300',
248 silly get     'content-length': '1313',
248 silly get     'accept-ranges': 'bytes',
248 silly get     date: 'Sun, 09 Apr 2017 06:34:08 GMT',
248 silly get     via: '1.1 varnish',
248 silly get     age: '0',
248 silly get     connection: 'keep-alive',
248 silly get     'x-served-by': 'cache-bos8228-BOS',
248 silly get     'x-cache': 'MISS',
248 silly get     'x-cache-hits': '0',
248 silly get     'x-timer': 'S1491719648.380953,VS0,VE88',
248 silly get     vary: 'Accept-Encoding' } ]
249 verbose get saving google-maps-utility-library-v3-keydragzoom to C:\Users\sanka\AppData\Roaming\npm-cache\registry.npmjs.org\google-maps-utility-library-v3-keydragzoom\.cache.json
250 verbose correctMkdir C:\Users\sanka\AppData\Roaming\npm-cache correctMkdir not in flight; initializing
251 silly fetchAndShaCheck shasum 03b7b15c01a0802d7e2cf593240e604054dc77fb
252 silly resolveWithNewModule markerclustererplus@2.1.4 checking installable status
253 silly cache add args [ 'markerclustererplus@2.1.4', null ]
254 verbose cache add spec markerclustererplus@2.1.4
255 silly cache add parsed spec Result {
255 silly cache add   raw: 'markerclustererplus@2.1.4',
255 silly cache add   scope: null,
255 silly cache add   escapedName: 'markerclustererplus',
255 silly cache add   name: 'markerclustererplus',
255 silly cache add   rawSpec: '2.1.4',
255 silly cache add   spec: '2.1.4',
255 silly cache add   type: 'version' }
256 silly addNamed markerclustererplus@2.1.4
257 verbose addNamed "2.1.4" is a plain semver version for markerclustererplus
258 silly mapToRegistry name markerclustererplus
259 silly mapToRegistry using default registry
260 silly mapToRegistry registry https://registry.npmjs.org/
261 silly mapToRegistry data Result {
261 silly mapToRegistry   raw: 'markerclustererplus',
261 silly mapToRegistry   scope: null,
261 silly mapToRegistry   escapedName: 'markerclustererplus',
261 silly mapToRegistry   name: 'markerclustererplus',
261 silly mapToRegistry   rawSpec: '',
261 silly mapToRegistry   spec: 'latest',
261 silly mapToRegistry   type: 'tag' }
262 silly mapToRegistry uri https://registry.npmjs.org/markerclustererplus
263 verbose addNameVersion registry:https://registry.npmjs.org/markerclustererplus not in flight; fetching
264 silly resolveWithNewModule google-maps-utility-library-v3-keydragzoom@2.0.9 checking installable status
265 silly cache add args [ 'google-maps-utility-library-v3-keydragzoom@2.0.9', null ]
266 verbose cache add spec google-maps-utility-library-v3-keydragzoom@2.0.9
267 silly cache add parsed spec Result {
267 silly cache add   raw: 'google-maps-utility-library-v3-keydragzoom@2.0.9',
267 silly cache add   scope: null,
267 silly cache add   escapedName: 'google-maps-utility-library-v3-keydragzoom',
267 silly cache add   name: 'google-maps-utility-library-v3-keydragzoom',
267 silly cache add   rawSpec: '2.0.9',
267 silly cache add   spec: '2.0.9',
267 silly cache add   type: 'version' }
268 silly addNamed google-maps-utility-library-v3-keydragzoom@2.0.9
269 verbose addNamed "2.0.9" is a plain semver version for google-maps-utility-library-v3-keydragzoom
270 silly mapToRegistry name google-maps-utility-library-v3-keydragzoom
271 silly mapToRegistry using default registry
272 silly mapToRegistry registry https://registry.npmjs.org/
273 silly mapToRegistry data Result {
273 silly mapToRegistry   raw: 'google-maps-utility-library-v3-keydragzoom',
273 silly mapToRegistry   scope: null,
273 silly mapToRegistry   escapedName: 'google-maps-utility-library-v3-keydragzoom',
273 silly mapToRegistry   name: 'google-maps-utility-library-v3-keydragzoom',
273 silly mapToRegistry   rawSpec: '',
273 silly mapToRegistry   spec: 'latest',
273 silly mapToRegistry   type: 'tag' }
274 silly mapToRegistry uri https://registry.npmjs.org/google-maps-utility-library-v3-keydragzoom
275 verbose addNameVersion registry:https://registry.npmjs.org/google-maps-utility-library-v3-keydragzoom not in flight; fetching
276 verbose get https://registry.npmjs.org/markerclustererplus not expired, no request
277 verbose addTmpTarball C:\Users\sanka\AppData\Local\Temp\npm-12056-48402b9f\registry.npmjs.org\angular\-\angular-1.6.4.tgz not in flight; adding
278 verbose addTmpTarball already have metadata; skipping unpack for angular@1.6.4
279 verbose correctMkdir C:\Users\sanka\AppData\Roaming\npm-cache correctMkdir not in flight; initializing
280 verbose get https://registry.npmjs.org/google-maps-utility-library-v3-keydragzoom not expired, no request
281 silly mapToRegistry name markerclustererplus
282 silly mapToRegistry using default registry
283 silly mapToRegistry registry https://registry.npmjs.org/
284 silly mapToRegistry data Result {
284 silly mapToRegistry   raw: 'markerclustererplus',
284 silly mapToRegistry   scope: null,
284 silly mapToRegistry   escapedName: 'markerclustererplus',
284 silly mapToRegistry   name: 'markerclustererplus',
284 silly mapToRegistry   rawSpec: '',
284 silly mapToRegistry   spec: 'latest',
284 silly mapToRegistry   type: 'tag' }
285 silly mapToRegistry uri https://registry.npmjs.org/markerclustererplus
286 verbose addRemoteTarball https://registry.npmjs.org/markerclustererplus/-/markerclustererplus-2.1.4.tgz not in flight; adding
287 verbose addRemoteTarball [ 'https://registry.npmjs.org/markerclustererplus/-/markerclustererplus-2.1.4.tgz',
287 verbose addRemoteTarball   '901225180dd5d5fc0827753a18eee35afcf9c4f7' ]
288 silly mapToRegistry name google-maps-utility-library-v3-keydragzoom
289 silly mapToRegistry using default registry
290 silly mapToRegistry registry https://registry.npmjs.org/
291 silly mapToRegistry data Result {
291 silly mapToRegistry   raw: 'google-maps-utility-library-v3-keydragzoom',
291 silly mapToRegistry   scope: null,
291 silly mapToRegistry   escapedName: 'google-maps-utility-library-v3-keydragzoom',
291 silly mapToRegistry   name: 'google-maps-utility-library-v3-keydragzoom',
291 silly mapToRegistry   rawSpec: '',
291 silly mapToRegistry   spec: 'latest',
291 silly mapToRegistry   type: 'tag' }
292 silly mapToRegistry uri https://registry.npmjs.org/google-maps-utility-library-v3-keydragzoom
293 verbose addRemoteTarball https://registry.npmjs.org/google-maps-utility-library-v3-keydragzoom/-/google-maps-utility-library-v3-keydragzoom-2.0.9.tgz not in flight; adding
294 verbose addRemoteTarball [ 'https://registry.npmjs.org/google-maps-utility-library-v3-keydragzoom/-/google-maps-utility-library-v3-keydragzoom-2.0.9.tgz',
294 verbose addRemoteTarball   '2dfa05fed2976d82fc1cc39fcc6175c01ec06477' ]
295 info retry fetch attempt 1 at 2:34:10 AM
296 info attempt registry request try #1 at 2:34:10 AM
297 http fetch GET https://registry.npmjs.org/markerclustererplus/-/markerclustererplus-2.1.4.tgz
298 info retry fetch attempt 1 at 2:34:10 AM
299 info attempt registry request try #1 at 2:34:10 AM
300 http fetch GET https://registry.npmjs.org/google-maps-utility-library-v3-keydragzoom/-/google-maps-utility-library-v3-keydragzoom-2.0.9.tgz
301 silly cache afterAdd angular@1.6.4
302 verbose afterAdd C:\Users\sanka\AppData\Roaming\npm-cache\angular\1.6.4\package\package.json not in flight; writing
303 verbose correctMkdir C:\Users\sanka\AppData\Roaming\npm-cache correctMkdir not in flight; initializing
304 verbose afterAdd C:\Users\sanka\AppData\Roaming\npm-cache\angular\1.6.4\package\package.json written
305 http fetch 200 https://registry.npmjs.org/google-maps-utility-library-v3-infobox/-/google-maps-utility-library-v3-infobox-1.1.14.tgz
306 silly fetchAndShaCheck shasum 69c888cef8bff869c32275e3413d90cc09392914
307 verbose addTmpTarball C:\Users\sanka\AppData\Local\Temp\npm-12056-48402b9f\registry.npmjs.org\google-maps-utility-library-v3-infobox\-\google-maps-utility-library-v3-infobox-1.1.14.tgz not in flight; adding
308 verbose addTmpTarball already have metadata; skipping unpack for google-maps-utility-library-v3-infobox@1.1.14
309 verbose correctMkdir C:\Users\sanka\AppData\Roaming\npm-cache correctMkdir not in flight; initializing
310 silly cache afterAdd google-maps-utility-library-v3-infobox@1.1.14
311 verbose afterAdd C:\Users\sanka\AppData\Roaming\npm-cache\google-maps-utility-library-v3-infobox\1.1.14\package\package.json not in flight; writing
312 verbose correctMkdir C:\Users\sanka\AppData\Roaming\npm-cache correctMkdir not in flight; initializing
313 http fetch 200 https://registry.npmjs.org/markerclustererplus/-/markerclustererplus-2.1.4.tgz
314 verbose afterAdd C:\Users\sanka\AppData\Roaming\npm-cache\google-maps-utility-library-v3-infobox\1.1.14\package\package.json written
315 http fetch 200 https://registry.npmjs.org/angular-simple-logger/-/angular-simple-logger-0.1.7.tgz
316 silly fetchAndShaCheck shasum 4ae48e5eac0973f577845918e56d4933cf66f041
317 verbose addTmpTarball C:\Users\sanka\AppData\Local\Temp\npm-12056-48402b9f\registry.npmjs.org\angular-simple-logger\-\angular-simple-logger-0.1.7.tgz not in flight; adding
318 verbose addTmpTarball already have metadata; skipping unpack for angular-simple-logger@0.1.7
319 verbose correctMkdir C:\Users\sanka\AppData\Roaming\npm-cache correctMkdir not in flight; initializing
320 silly cache afterAdd angular-simple-logger@0.1.7
321 verbose afterAdd C:\Users\sanka\AppData\Roaming\npm-cache\angular-simple-logger\0.1.7\package\package.json not in flight; writing
322 verbose correctMkdir C:\Users\sanka\AppData\Roaming\npm-cache correctMkdir not in flight; initializing
323 verbose afterAdd C:\Users\sanka\AppData\Roaming\npm-cache\angular-simple-logger\0.1.7\package\package.json written
324 http fetch 200 https://registry.npmjs.org/google-maps-utility-library-v3-keydragzoom/-/google-maps-utility-library-v3-keydragzoom-2.0.9.tgz
325 silly fetchAndShaCheck shasum 2dfa05fed2976d82fc1cc39fcc6175c01ec06477
326 verbose addTmpTarball C:\Users\sanka\AppData\Local\Temp\npm-12056-48402b9f\registry.npmjs.org\google-maps-utility-library-v3-keydragzoom\-\google-maps-utility-library-v3-keydragzoom-2.0.9.tgz not in flight; adding
327 verbose addTmpTarball already have metadata; skipping unpack for google-maps-utility-library-v3-keydragzoom@2.0.9
328 verbose correctMkdir C:\Users\sanka\AppData\Roaming\npm-cache correctMkdir not in flight; initializing
329 silly fetchAndShaCheck shasum 901225180dd5d5fc0827753a18eee35afcf9c4f7
330 verbose addTmpTarball C:\Users\sanka\AppData\Local\Temp\npm-12056-48402b9f\registry.npmjs.org\markerclustererplus\-\markerclustererplus-2.1.4.tgz not in flight; adding
331 verbose addTmpTarball already have metadata; skipping unpack for markerclustererplus@2.1.4
332 verbose correctMkdir C:\Users\sanka\AppData\Roaming\npm-cache correctMkdir not in flight; initializing
333 silly cache afterAdd google-maps-utility-library-v3-keydragzoom@2.0.9
334 verbose afterAdd C:\Users\sanka\AppData\Roaming\npm-cache\google-maps-utility-library-v3-keydragzoom\2.0.9\package\package.json not in flight; writing
335 verbose correctMkdir C:\Users\sanka\AppData\Roaming\npm-cache correctMkdir not in flight; initializing
336 silly cache afterAdd markerclustererplus@2.1.4
337 verbose afterAdd C:\Users\sanka\AppData\Roaming\npm-cache\markerclustererplus\2.1.4\package\package.json not in flight; writing
338 verbose correctMkdir C:\Users\sanka\AppData\Roaming\npm-cache correctMkdir not in flight; initializing
339 verbose afterAdd C:\Users\sanka\AppData\Roaming\npm-cache\google-maps-utility-library-v3-keydragzoom\2.0.9\package\package.json written
340 verbose afterAdd C:\Users\sanka\AppData\Roaming\npm-cache\markerclustererplus\2.1.4\package\package.json written
341 silly rollbackFailedOptional Starting
342 silly rollbackFailedOptional Finishing
343 silly runTopLevelLifecycles Finishing
344 silly install printInstalled
345 verbose stack Error: not found: git
345 verbose stack     at getNotFoundError (C:\Program Files\nodejs\node_modules\npm\node_modules\which\which.js:14:12)
345 verbose stack     at F (C:\Program Files\nodejs\node_modules\npm\node_modules\which\which.js:69:19)
345 verbose stack     at E (C:\Program Files\nodejs\node_modules\npm\node_modules\which\which.js:81:29)
345 verbose stack     at C:\Program Files\nodejs\node_modules\npm\node_modules\which\which.js:90:16
345 verbose stack     at C:\Program Files\nodejs\node_modules\npm\node_modules\which\node_modules\isexe\index.js:44:5
345 verbose stack     at C:\Program Files\nodejs\node_modules\npm\node_modules\which\node_modules\isexe\windows.js:29:5
345 verbose stack     at C:\Program Files\nodejs\node_modules\npm\node_modules\graceful-fs\polyfills.js:264:29
345 verbose stack     at FSReqWrap.oncomplete (fs.js:123:15)
346 verbose cwd M:\Project\mean-stack-application\Project
347 error Windows_NT 10.0.14393
348 error argv "C:\\Program Files\\nodejs\\node.exe" "C:\\Program Files\\nodejs\\node_modules\\npm\\bin\\npm-cli.js" "install" "angular-google-maps" "--save"
349 error node v6.9.4
350 error npm  v3.10.10
351 error code ENOGIT
352 error not found: git
353 error Failed using git.
353 error This is most likely not a problem with npm itself.
353 error Please check if you have git installed and in your PATH.
354 verbose exit [ 1, true ]
